[cuda]   allocated 4 ring buffers (2764800 bytes each, 11059200 bytes total)
|	╭0	|	 	|	 	|	 	|
|	╭1	|	 	|	 	|	 	|
|	╭2	|	 	|	 	|	 	|
|	╭3	|	 	|	 	|	 	|
|	╭4	|	 	|	 	|	 	|
|	╭5	|	 	|	 	|	 	|
|	╭6	|	 	|	 	|	 	|
|	╭7	|	 	|	 	|	 	|
|	╭8	|	 	|	 	|	 	|
|	╭9	|	 	|	 	|	 	|
|	╭10	|	 	|	 	|	 	|
|	╰4	|	 	|	 	|	 	|
|	╰1	|	 	|	 	|	 	|
|	╰2	|	 	|	 	|	 	|
|	╭11	|	 	|	 	|	 	|
|	╰0	|	 	|	 	|	 	|
|	 	|	0	|	 	|	 	|
|	 	|	 	|	0	|	 	|
|	 	|	1	|	 	|	 	|
|	 	|	 	|	1	|	 	|
|	 	|	2	|	 	|	 	|
|	 	|	 	|	2	|	 	|
|	╰3	|	 	|	 	|	 	|
|	 	|	3	|	 	|	 	|
|	 	|	 	|	3	|	 	|
|	 	|	4	|	 	|	 	|
|	 	|	 	|	4	|	 	|
|	╭12	|	 	|	 	|	 	|
|	╰5	|	 	|	 	|	 	|
|	 	|	5	|	 	|	 	|
|	 	|	 	|	5	|	 	|
|	╭13	|	 	|	 	|	 	|
|	╭14	|	 	|	 	|	 	|
|	╰6	|	 	|	 	|	 	|
|	 	|	6	|	 	|	 	|
|	 	|	 	|	6	|	 	|
|	╭15	|	 	|	 	|	 	|
|	╭16	|	 	|	 	|	 	|
|	╰7	|	 	|	 	|	 	|
|	 	|	7	|	 	|	 	|
|	 	|	 	|	7	|	 	|
|	╭17	|	 	|	 	|	 	|
|	╰8	|	 	|	 	|	 	|
|	 	|	8	|	 	|	 	|
|	 	|	 	|	8	|	 	|
|	╭18	|	 	|	 	|	 	|
|	╭19	|	 	|	 	|	 	|
|	╰9	|	 	|	 	|	 	|
|	 	|	9	|	 	|	 	|
|	 	|	 	|	9	|	 	|
|	╭20	|	 	|	 	|	 	|
|	╭21	|	 	|	 	|	 	|
|	╰10	|	 	|	 	|	 	|
|	 	|	10	|	 	|	 	|
|	 	|	 	|	10	|	 	|
|	╭22	|	 	|	 	|	 	|
|	╭23	|	 	|	 	|	 	|
|	╰11	|	 	|	 	|	 	|
|	 	|	11	|	 	|	 	|
|	 	|	 	|	11	|	 	|
|	╭24	|	 	|	 	|	 	|
|	╰12	|	 	|	 	|	 	|
|	 	|	12	|	 	|	 	|
|	 	|	 	|	12	|	 	|
|	╭25	|	 	|	 	|	 	|
|	╭26	|	 	|	 	|	 	|
|	╰13	|	 	|	 	|	 	|
|	 	|	13	|	 	|	 	|
|	 	|	 	|	13	|	 	|
|	╭27	|	 	|	 	|	 	|
|	╭28	|	 	|	 	|	 	|
|	╰14	|	 	|	 	|	 	|
|	 	|	14	|	 	|	 	|
|	 	|	 	|	14	|	 	|
|	╭29	|	 	|	 	|	 	|
|	╭30	|	 	|	 	|	 	|
|	╰15	|	 	|	 	|	 	|
|	 	|	15	|	 	|	 	|
|	 	|	 	|	15	|	 	|
|	╭31	|	 	|	 	|	 	|
|	╭32	|	 	|	 	|	 	|
|	╭33	|	 	|	 	|	 	|
|	╰16	|	 	|	 	|	 	|
|	 	|	16	|	 	|	 	|
|	 	|	 	|	16	|	 	|
|	╭34	|	 	|	 	|	 	|
|	╭35	|	 	|	 	|	 	|
|	╰17	|	 	|	 	|	 	|
|	 	|	17	|	 	|	 	|
|	 	|	 	|	17	|	 	|
|	╭36	|	 	|	 	|	 	|
|	╰18	|	 	|	 	|	 	|
|	╭37	|	 	|	 	|	 	|
|	 	|	18	|	 	|	 	|
|	 	|	 	|	18	|	 	|
|	╭38	|	 	|	 	|	 	|
|	╰19	|	 	|	 	|	 	|
|	 	|	19	|	 	|	 	|
|	 	|	 	|	19	|	 	|
|	╭39	|	 	|	 	|	 	|
|	╭40	|	 	|	 	|	 	|
|	╰20	|	 	|	 	|	 	|
|	 	|	20	|	 	|	 	|
|	 	|	 	|	20	|	 	|
|	╭41	|	 	|	 	|	 	|
|	╭42	|	 	|	 	|	 	|
|	╰21	|	 	|	 	|	 	|
|	 	|	21	|	 	|	 	|
|	 	|	 	|	21	|	 	|
|	╭43	|	 	|	 	|	 	|
|	╭44	|	 	|	 	|	 	|
|	╰22	|	 	|	 	|	 	|
|	 	|	22	|	 	|	 	|
|	 	|	 	|	22	|	 	|
|	╭45	|	 	|	 	|	 	|
|	╭46	|	 	|	 	|	 	|
|	╰23	|	 	|	 	|	 	|
|	 	|	23	|	 	|	 	|
|	 	|	 	|	23	|	 	|
|	╭47	|	 	|	 	|	 	|
|	╰24	|	 	|	 	|	 	|
|	 	|	24	|	 	|	 	|
|	 	|	 	|	24	|	 	|
|	╭48	|	 	|	 	|	 	|
|	╭49	|	 	|	 	|	 	|
|	╰25	|	 	|	 	|	 	|
|	 	|	25	|	 	|	 	|
|	 	|	 	|	25	|	 	|
|	╭50	|	 	|	 	|	 	|
|	╭51	|	 	|	 	|	 	|
|	╰26	|	 	|	 	|	 	|
|	 	|	26	|	 	|	 	|
|	 	|	 	|	26	|	 	|
|	╭52	|	 	|	 	|	 	|
|	╭53	|	 	|	 	|	 	|
|	╰27	|	 	|	 	|	 	|
|	 	|	27	|	 	|	 	|
|	 	|	 	|	27	|	 	|
|	╭54	|	 	|	 	|	 	|
|	╭55	|	 	|	 	|	 	|
|	╭56	|	 	|	 	|	 	|
|	╭57	|	 	|	 	|	 	|
|	╭58	|	 	|	 	|	 	|
|	╭59	|	 	|	 	|	 	|
|	╰41	|	 	|	 	|	 	|
|	╰38	|	 	|	 	|	 	|
|	╰40	|	 	|	 	|	 	|
|	╭60	|	 	|	 	|	 	|
|	╭61	|	 	|	 	|	 	|
|	╭62	|	 	|	 	|	 	|
|	╰37	|	 	|	 	|	 	|
|	╰32	|	 	|	 	|	 	|
|	╰35	|	 	|	 	|	 	|
|	╰34	|	 	|	 	|	 	|
|	╰33	|	 	|	 	|	 	|
|	╭63	|	 	|	 	|	 	|
|	╭64	|	 	|	 	|	 	|
|	╭65	|	 	|	 	|	 	|
|	╰31	|	 	|	 	|	 	|
|	╭66	|	 	|	 	|	 	|
|	╰39	|	 	|	 	|	 	|
|	╭67	|	 	|	 	|	 	|
|	╭68	|	 	|	 	|	 	|
|	╰36	|	 	|	 	|	 	|
|	╭69	|	 	|	 	|	 	|
|	╭70	|	 	|	 	|	 	|
|	╰60	|	 	|	 	|	 	|
|	╰46	|	 	|	 	|	 	|
|	╰57	|	 	|	 	|	 	|
|	╰55	|	 	|	 	|	 	|
|	╰54	|	 	|	 	|	 	|
|	╰56	|	 	|	 	|	 	|
|	╰44	|	 	|	 	|	 	|
|	╰48	|	 	|	 	|	 	|
|	╰42	|	 	|	 	|	 	|
|	╭71	|	 	|	 	|	 	|
|	╭72	|	 	|	 	|	 	|
|	╰49	|	 	|	 	|	 	|
|	╰45	|	 	|	 	|	 	|
|	╰53	|	 	|	 	|	 	|
|	╭73	|	 	|	 	|	 	|
|	╰51	|	 	|	 	|	 	|
|	╰52	|	 	|	 	|	 	|
|	╰58	|	 	|	 	|	 	|
|	╰43	|	 	|	 	|	 	|
|	╰50	|	 	|	 	|	 	|
|	╭74	|	 	|	 	|	 	|
|	╰47	|	 	|	 	|	 	|
|	╭75	|	 	|	 	|	 	|
|	╭76	|	 	|	 	|	 	|
|	╰61	|	 	|	 	|	 	|
|	╭77	|	 	|	 	|	 	|
|	╰59	|	 	|	 	|	 	|
|	╭78	|	 	|	 	|	 	|
|	╭79	|	 	|	 	|	 	|
|	╭80	|	 	|	 	|	 	|
|	╭81	|	 	|	 	|	 	|
|	╭82	|	 	|	 	|	 	|
|	╭83	|	 	|	 	|	 	|
|	╭84	|	 	|	 	|	 	|
|	╭85	|	 	|	 	|	 	|
|	╭86	|	 	|	 	|	 	|
|	╭87	|	 	|	 	|	 	|
|	╭88	|	 	|	 	|	 	|
|	╭89	|	 	|	 	|	 	|
|	╭90	|	 	|	 	|	 	|
|	╰62	|	 	|	 	|	 	|
|	╭91	|	 	|	 	|	 	|
|	╰63	|	 	|	 	|	 	|
|	╭92	|	 	|	 	|	 	|
|	╰64	|	 	|	 	|	 	|
|	╭93	|	 	|	 	|	 	|
|	╰67	|	 	|	 	|	 	|
|	╭94	|	 	|	 	|	 	|
|	╰70	|	 	|	 	|	 	|
|	╭95	|	 	|	 	|	 	|
|	╰66	|	 	|	 	|	 	|
|	╰65	|	 	|	 	|	 	|
|	╰68	|	 	|	 	|	 	|
|	╰69	|	 	|	 	|	 	|
|	╭96	|	 	|	 	|	 	|
|	╭97	|	 	|	 	|	 	|
|	╭98	|	 	|	 	|	 	|
|	╭99	|	 	|	 	|	 	|
[gstreamer] gstreamer message qos ==> v4l2src0
[gstreamer] gstreamer message qos ==> v4l2src0
[gstreamer] gstreamer message qos ==> v4l2src0
[gstreamer] gstreamer message qos ==> v4l2src0
[gstreamer] gstreamer message qos ==> v4l2src0
[gstreamer] gstreamer message qos ==> v4l2src0
[gstreamer] gstreamer message qos ==> v4l2src0
[gstreamer] gstreamer message qos ==> v4l2src0
[gstreamer] gstreamer message qos ==> v4l2src0
[gstreamer] gstreamer message qos ==> v4l2src0
[gstreamer] gstreamer message qos ==> v4l2src0
[gstreamer] gstreamer message qos ==> v4l2src0
[gstreamer] gstreamer message qos ==> v4l2src0
[gstreamer] gstreamer message qos ==> v4l2src0
[gstreamer] gstreamer message qos ==> v4l2src0
[gstreamer] gstreamer message qos ==> v4l2src0
[gstreamer] gstreamer message qos ==> v4l2src0
[gstreamer] gstreamer message qos ==> v4l2src0
[gstreamer] gstreamer message qos ==> v4l2src0
[gstreamer] gstreamer message qos ==> v4l2src0
[gstreamer] gstreamer message qos ==> v4l2src0
[gstreamer] gstreamer message qos ==> v4l2src0
[gstreamer] gstreamer message qos ==> v4l2src0
[gstreamer] gstreamer message qos ==> v4l2src0
[gstreamer] gstreamer message qos ==> v4l2src0
[gstreamer] gstreamer message qos ==> v4l2src0
[gstreamer] gstreamer message qos ==> v4l2src0
[gstreamer] gstreamer message qos ==> v4l2src0
[gstreamer] gstreamer message qos ==> v4l2src0
[gstreamer] gstreamer message qos ==> v4l2src0
[gstreamer] gstreamer message qos ==> v4l2src0
[gstreamer] gstreamer message qos ==> v4l2src0
[gstreamer] gstreamer message qos ==> v4l2src0
[gstreamer] gstreamer message qos ==> v4l2src0
[gstreamer] gstreamer message qos ==> v4l2src0
Queue is full. Input rejected.
[gstreamer] gstreamer message qos ==> v4l2src0
[gstreamer] gstreamer message qos ==> v4l2src0
Rejecting input due to overload
Rejecting input due to overload
[gstreamer] gstreamer message qos ==> v4l2src0
Rejecting input due to overload
Rejecting input due to overload
Rejecting input due to overload
[gstreamer] gstreamer message qos ==> v4l2src0
Rejecting input due to overload
[gstreamer] gstreamer message qos ==> v4l2src0
Rejecting input due to overload
[gstreamer] gstreamer message qos ==> v4l2src0
Rejecting input due to overload
[gstreamer] gstreamer message qos ==> v4l2src0
Rejecting input due to overload
[gstreamer] gstreamer message qos ==> v4l2src0
Rejecting input due to overload
Rejecting input due to overload
[gstreamer] gstreamer message qos ==> v4l2src0
Rejecting input due to overload
[gstreamer] gstreamer message qos ==> v4l2src0
Rejecting input due to overload
[gstreamer] gstreamer message qos ==> v4l2src0
Rejecting input due to overload
[gstreamer] gstreamer message qos ==> v4l2src0
Rejecting input due to overload
Rejecting input due to overload
[gstreamer] gstreamer message qos ==> v4l2src0
Rejecting input due to overload
[gstreamer] gstreamer message qos ==> v4l2src0
Rejecting input due to overload
Rejecting input due to overload
[gstreamer] gstreamer message qos ==> v4l2src0
Rejecting input due to overload
Rejecting input due to overload
[gstreamer] gstreamer message qos ==> v4l2src0
Rejecting input due to overload
[gstreamer] gstreamer message qos ==> v4l2src0
Rejecting input due to overload
Rejecting input due to overload
[gstreamer] gstreamer message qos ==> v4l2src0
Rejecting input due to overload
[gstreamer] gstreamer message qos ==> v4l2src0
Rejecting input due to overload
Rejecting input due to overload
[gstreamer] gstreamer message qos ==> v4l2src0
Rejecting input due to overload
[gstreamer] gstreamer message qos ==> v4l2src0
Rejecting input due to overload
^C
Shutting down...
[gstreamer] gstreamer message qos ==> v4l2src0
[gstreamer] gstreamer message qos ==> v4l2src0
[gstreamer] gstreamer message qos ==> v4l2src0
^CTraceback (most recent call last):
  File "main.py", line 218, in run
    img_input = self.input.Capture(format='rgb8', timeout=1000)
KeyboardInterrupt

During handling of the above exception, another exception occurred:

Traceback (most recent call last):
  File "main.py", line 305, in <module>
    tracker.run()
  File "main.py", line 225, in run
    self.processor.shutdown()
  File "main.py", line 295, in shutdown
    break
KeyboardInterrupt
[gstreamer] gstreamer message qos ==> v4l2src0
[gstreamer] gstreamer message qos ==> v4l2src0
[gstreamer] gstreamer message qos ==> v4l2src0
^C

